<?xml version="1.0" encoding="UTF-8"?>
<!-- Generated by org.testng.reporters.JUnitReportReporter -->
<testsuite hostname="Niral-HP" name="com.kiranawala.testcases.KW_CreateAcc_FewWrongValues" tests="1" failures="0" timestamp="19 Feb 2014 05:58:00 GMT" time="99.407" errors="0">
  <testcase name="testKW_CreateAcc_FewWrongValues" time="99.407" classname="com.kiranawala.testcases.KW_CreateAcc_FewWrongValues"/>
</testsuite> <!-- com.kiranawala.testcases.KW_CreateAcc_FewWrongValues -->
