<?xml version="1.0" encoding="UTF-8"?>
<!-- Generated by org.testng.reporters.JUnitReportReporter -->
<testsuite hostname="Niral-HP" name="com.kiranawala.testcases.KW_CreateAcc_AllValues" tests="1" failures="0" timestamp="19 Feb 2014 04:31:17 GMT" time="111.778" errors="0">
  <testcase name="testKW_CreateAcc_AllValues" time="111.778" classname="com.kiranawala.testcases.KW_CreateAcc_AllValues"/>
</testsuite> <!-- com.kiranawala.testcases.KW_CreateAcc_AllValues -->
