<?xml version="1.0" encoding="UTF-8"?>
<!-- Generated by org.testng.reporters.JUnitReportReporter -->
<testsuite hostname="Niral-HP" name="com.kiranawala.testcases.KW_CreateAcc_MandatoryValues" tests="1" failures="0" timestamp="19 Feb 2014 04:39:02 GMT" time="108.477" errors="0">
  <testcase name="testKW_CreateAcc_AllValues" time="108.477" classname="com.kiranawala.testcases.KW_CreateAcc_MandatoryValues"/>
</testsuite> <!-- com.kiranawala.testcases.KW_CreateAcc_MandatoryValues -->
